<?xml version="1.0" encoding="UTF-8"?>
<!-- Generated by org.testng.reporters.JUnitXMLReporter -->
<testsuite ignored="1" hostname="MacBook-Air-Viktoria.local" failures="0" tests="5" name="Surefire test" time="40.09" errors="0" timestamp="2025-11-05T10:59:51 MSK">
  <testcase classname="tests.MtsOnlineTopUpTests" name="checkAllServiceTypesPlaceholders" time="8.671"/>
  <testcase classname="tests.MtsOnlineTopUpTests" name="fillAndContinue" time="9.94"/>
  <testcase classname="tests.MtsOnlineTopUpTests" name="moreDetailsWorks" time="5.76"/>
  <testcase classname="tests.MtsOnlineTopUpTests" name="paymentLogosVisible" time="4.697"/>
  <testcase classname="tests.MtsOnlineTopUpTests" name="titleIsCorrect" time="5.63"/>
  <testcase classname="base.BaseTest" name="@BeforeSuite setupSuite" time="0.0">
    <ignored/>
  </testcase> <!-- @BeforeSuite setupSuite -->
</testsuite> <!-- Surefire test -->
