<?xml version="1.0" encoding="UTF-8"?>
<!-- Generated by org.testng.reporters.JUnitXMLReporter -->
<testsuite ignored="0" hostname="MacBook-Air-Viktoria.local" failures="0" tests="8" name="Surefire test" time="0.016" errors="0" timestamp="2025-10-23T14:58:52 MSK">
  <testcase classname="Lesson_7.AreaTriangleTest" name="area_throws_on_triangle_inequality" time="0.001"/>
  <testcase classname="Lesson_7.AreaTriangleTest" name="area_throws_on_zero_side" time="0.0"/>
  <testcase classname="Lesson_7.AreaTriangleTest" name="area_valid_triangle" time="0.0"/>
  <testcase classname="Lesson_7.EqualsTest" name="equals_cases" time="0.0"/>
  <testcase classname="Lesson_7.FactorialTest" name="factorial_negative_throws" time="0.0"/>
  <testcase classname="Lesson_7.FactorialTest" name="factorial_valid_values" time="0.0"/>
  <testcase classname="Lesson_7.ArithmeticTest" name="arithmetic_basic_ops" time="0.0"/>
  <testcase classname="Lesson_7.ArithmeticTest" name="division_by_zero_throws" time="0.0"/>
</testsuite> <!-- Surefire test -->
