<?xml version="1.0" encoding="UTF-8"?>
<testsuite xmlns:xsi="http://www.w3.org/2001/XMLSchema-instance" xsi:noNamespaceSchemaLocation="https://maven.apache.org/surefire/maven-surefire-plugin/xsd/surefire-test-report-3.0.xsd" version="3.0" name="TestSuite" time="40.506" tests="5" errors="0" skipped="0" failures="0">
  <properties>
[...]
</properties>
  <testcase name="checkAllServiceTypesPlaceholders" classname="tests.MtsOnlineTopUpTests" time="8.674">
    <system-out><![CDATA[Закрываем cookie-баннер
--> Выбираем вкладку: Услуги связи
Проверяем тип услуги: Услуги связи
--> Открываем список типов услуг
--> Выбираем вариант: Услуги связи
--> placeholder [connection-phone] = "Номер телефона"
--> placeholder [connection-sum] = "Сумма"
--> placeholder [connection-email] = "E-mail для отправки чека"
--> placeholder [internet-phone] = "Номер абонента"
--> placeholder [internet-sum] = "Сумма"
--> placeholder [internet-email] = "E-mail для отправки чека"
--> placeholder [score-instalment] = "Номер счета на 44"
--> placeholder [instalment-sum] = "Сумма"
--> placeholder [instalment-email] = "E-mail для отправки чека"
--> placeholder [score-arrears] = "Номер счета на 2073"
--> placeholder [arrears-sum] = "Сумма"
--> placeholder [arrears-email] = "E-mail для отправки чека"
Проверяем тип услуги: Домашний интернет
--> Открываем список типов услуг
--> Выбираем вариант: Домашний интернет
--> placeholder [connection-phone] = "Номер телефона"
--> placeholder [connection-sum] = "Сумма"
--> placeholder [connection-email] = "E-mail для отправки чека"
--> placeholder [internet-phone] = "Номер абонента"
--> placeholder [internet-sum] = "Сумма"
--> placeholder [internet-email] = "E-mail для отправки чека"
--> placeholder [score-instalment] = "Номер счета на 44"
--> placeholder [instalment-sum] = "Сумма"
--> placeholder [instalment-email] = "E-mail для отправки чека"
--> placeholder [score-arrears] = "Номер счета на 2073"
--> placeholder [arrears-sum] = "Сумма"
--> placeholder [arrears-email] = "E-mail для отправки чека"
Проверяем тип услуги: Рассрочка
--> Открываем список типов услуг
--> Выбираем вариант: Рассрочка
--> placeholder [connection-phone] = "Номер телефона"
--> placeholder [connection-sum] = "Сумма"
--> placeholder [connection-email] = "E-mail для отправки чека"
--> placeholder [internet-phone] = "Номер абонента"
--> placeholder [internet-sum] = "Сумма"
--> placeholder [internet-email] = "E-mail для отправки чека"
--> placeholder [score-instalment] = "Номер счета на 44"
--> placeholder [instalment-sum] = "Сумма"
--> placeholder [instalment-email] = "E-mail для отправки чека"
--> placeholder [score-arrears] = "Номер счета на 2073"
--> placeholder [arrears-sum] = "Сумма"
--> placeholder [arrears-email] = "E-mail для отправки чека"
Проверяем тип услуги: Задолженность
--> Открываем список типов услуг
--> Выбираем вариант: Задолженность
--> placeholder [connection-phone] = "Номер телефона"
--> placeholder [connection-sum] = "Сумма"
--> placeholder [connection-email] = "E-mail для отправки чека"
--> placeholder [internet-phone] = "Номер абонента"
--> placeholder [internet-sum] = "Сумма"
--> placeholder [internet-email] = "E-mail для отправки чека"
--> placeholder [score-instalment] = "Номер счета на 44"
--> placeholder [instalment-sum] = "Сумма"
--> placeholder [instalment-email] = "E-mail для отправки чека"
--> placeholder [score-arrears] = "Номер счета на 2073"
--> placeholder [arrears-sum] = "Сумма"
--> placeholder [arrears-email] = "E-mail для отправки чека"
]]></system-out>
    <system-err><![CDATA[[main] INFO io.github.bonigarcia.wdm.WebDriverManager - Using chromedriver 142.0.7444.59 (resolved driver for Chrome 142)
[main] INFO io.github.bonigarcia.wdm.WebDriverManager - Exporting webdriver.chrome.driver as /Users/vitta/.cache/selenium/chromedriver/mac-arm64/142.0.7444.59/chromedriver
нояб. 05, 2025 10:59:13 AM org.openqa.selenium.devtools.CdpVersionFinder findNearestMatch
WARNING: Unable to find CDP implementation matching 142
нояб. 05, 2025 10:59:13 AM org.openqa.selenium.chromium.ChromiumDriver lambda$new$5
WARNING: Unable to find version of CDP to use for 142.0.7444.60. You may need to include a dependency on a specific version of the CDP using something similar to `org.seleniumhq.selenium:selenium-devtools-v86:4.23.0` where the version ("v86") matches the version of the chromium-based browser you're using and the version number of the artifact is the same as Selenium's.
]]></system-err>
  </testcase>
  <testcase name="fillAndContinue" classname="tests.MtsOnlineTopUpTests" time="9.941">
    <system-out><![CDATA[Закрываем cookie-баннер
--> Выбираем вкладку: Услуги связи
Вводим номер телефона: 297777777
Вводим сумму: 250
Нажимаем кнопку «Продолжить»
--> Переключились в iframe оплаты
--> placeholder [creditCard] = ""
--> placeholder [expirationDate] = "MM / YY"
--> placeholder [cvc] = ""
--> placeholder [holder] = ""
--> Найдена иконка платёжной системы: VISA
--> Найдена иконка платёжной системы: MASTERCARD
--> Найдена иконка платёжной системы: MAESTRO
--> Найдена иконка платёжной системы: MIR
]]></system-out>
    <system-err><![CDATA[нояб. 05, 2025 10:59:22 AM org.openqa.selenium.devtools.CdpVersionFinder findNearestMatch
WARNING: Unable to find CDP implementation matching 142
нояб. 05, 2025 10:59:22 AM org.openqa.selenium.chromium.ChromiumDriver lambda$new$5
WARNING: Unable to find version of CDP to use for 142.0.7444.60. You may need to include a dependency on a specific version of the CDP using something similar to `org.seleniumhq.selenium:selenium-devtools-v86:4.23.0` where the version ("v86") matches the version of the chromium-based browser you're using and the version number of the artifact is the same as Selenium's.
]]></system-err>
  </testcase>
  <testcase name="moreDetailsWorks" classname="tests.MtsOnlineTopUpTests" time="5.761">
    <system-out><![CDATA[Закрываем cookie-баннер
]]></system-out>
    <system-err><![CDATA[нояб. 05, 2025 10:59:33 AM org.openqa.selenium.devtools.CdpVersionFinder findNearestMatch
WARNING: Unable to find CDP implementation matching 142
нояб. 05, 2025 10:59:33 AM org.openqa.selenium.chromium.ChromiumDriver lambda$new$5
WARNING: Unable to find version of CDP to use for 142.0.7444.60. You may need to include a dependency on a specific version of the CDP using something similar to `org.seleniumhq.selenium:selenium-devtools-v86:4.23.0` where the version ("v86") matches the version of the chromium-based browser you're using and the version number of the artifact is the same as Selenium's.
]]></system-err>
  </testcase>
  <testcase name="paymentLogosVisible" classname="tests.MtsOnlineTopUpTests" time="4.699">
    <system-out><![CDATA[Закрываем cookie-баннер
Найден логотип: Visa
Найден логотип: Visa
Найден логотип: Verified By Visa
Найден логотип: MasterCard
Найден логотип: MasterCard
Найден логотип: MasterCard Secure Code
Найден логотип: Белкарт
]]></system-out>
    <system-err><![CDATA[нояб. 05, 2025 10:59:40 AM org.openqa.selenium.devtools.CdpVersionFinder findNearestMatch
WARNING: Unable to find CDP implementation matching 142
нояб. 05, 2025 10:59:40 AM org.openqa.selenium.chromium.ChromiumDriver lambda$new$5
WARNING: Unable to find version of CDP to use for 142.0.7444.60. You may need to include a dependency on a specific version of the CDP using something similar to `org.seleniumhq.selenium:selenium-devtools-v86:4.23.0` where the version ("v86") matches the version of the chromium-based browser you're using and the version number of the artifact is the same as Selenium's.
]]></system-err>
  </testcase>
  <testcase name="titleIsCorrect" classname="tests.MtsOnlineTopUpTests" time="5.632">
    <system-out><![CDATA[Закрываем cookie-баннер
Заголовок блока: Онлайн пополнение без комиссии
]]></system-out>
    <system-err><![CDATA[нояб. 05, 2025 10:59:45 AM org.openqa.selenium.devtools.CdpVersionFinder findNearestMatch
WARNING: Unable to find CDP implementation matching 142
нояб. 05, 2025 10:59:45 AM org.openqa.selenium.chromium.ChromiumDriver lambda$new$5
WARNING: Unable to find version of CDP to use for 142.0.7444.60. You may need to include a dependency on a specific version of the CDP using something similar to `org.seleniumhq.selenium:selenium-devtools-v86:4.23.0` where the version ("v86") matches the version of the chromium-based browser you're using and the version number of the artifact is the same as Selenium's.
]]></system-err>
  </testcase>
</testsuite>