<?xml version="1.0" encoding="UTF-8"?>
<!-- Generated by org.testng.reporters.JUnitReportReporter -->
<testsuite hostname="MacBook-Air-Viktoria.local" failures="0" tests="5" name="tests.MtsOnlineTopUpTests" time="40.009" errors="0" timestamp="2025-11-05T10:59:51 MSK" skipped="0">
  <testcase classname="tests.MtsOnlineTopUpTests" name="moreDetailsWorks" time="6.540"/>
  <testcase classname="tests.MtsOnlineTopUpTests" name="paymentLogosVisible" time="6.959"/>
  <testcase classname="tests.MtsOnlineTopUpTests" name="fillAndContinue" time="10.577"/>
  <testcase classname="tests.MtsOnlineTopUpTests" name="titleIsCorrect" time="6.624"/>
  <testcase classname="tests.MtsOnlineTopUpTests" name="checkAllServiceTypesPlaceholders" time="9.309"/>
</testsuite> <!-- tests.MtsOnlineTopUpTests -->
